<?xml version="1.0" encoding="UTF-8"?>
<!-- Generated by org.testng.reporters.JUnitXMLReporter -->
<testsuite ignored="0" hostname="DESKTOP-QD9FKS8" failures="1" tests="1" name="Default test" time="1.156" errors="0" timestamp="2026-01-08T12:19:58 GMT">
  <testcase classname="io.cucumber.testng.AbstractTestNGCucumberTests" name="runScenario" time="0.207">
    <failure type="io.cucumber.testng.UndefinedStepException" message="The step &amp;apos;user launches the application&amp;apos; and 3 other step(s) are undefined.
You can implement these steps using the snippet(s) below:

@Given(&amp;quot;user launches the application&amp;quot;)
public void user_launches_the_application() {
    // Write code here that turns the phrase above into concrete actions
    throw new io.cucumber.java.PendingException();
}
@When(&amp;quot;user navigates to Book Store Application&amp;quot;)
public void user_navigates_to_book_store_application() {
    // Write code here that turns the phrase above into concrete actions
    throw new io.cucumber.java.PendingException();
}
@When(&amp;quot;user logs in with valid credentials&amp;quot;)
public void user_logs_in_with_valid_credentials() {
    // Write code here that turns the phrase above into concrete actions
    throw new io.cucumber.java.PendingException();
}
@Then(&amp;quot;user should be redirected to books page&amp;quot;)
public void user_should_be_redirected_to_books_page() {
    // Write code here that turns the phrase above into concrete actions
    throw new io.cucumber.java.PendingException();
}
">
      <![CDATA[io.cucumber.testng.UndefinedStepException: The step 'user launches the application' and 3 other step(s) are undefined.
You can implement these steps using the snippet(s) below:

@Given("user launches the application")
public void user_launches_the_application() {
    // Write code here that turns the phrase above into concrete actions
    throw new io.cucumber.java.PendingException();
}
@When("user navigates to Book Store Application")
public void user_navigates_to_book_store_application() {
    // Write code here that turns the phrase above into concrete actions
    throw new io.cucumber.java.PendingException();
}
@When("user logs in with valid credentials")
public void user_logs_in_with_valid_credentials() {
    // Write code here that turns the phrase above into concrete actions
    throw new io.cucumber.java.PendingException();
}
@Then("user should be redirected to books page")
public void user_should_be_redirected_to_books_page() {
    // Write code here that turns the phrase above into concrete actions
    throw new io.cucumber.java.PendingException();
}

at ✽.user launches the application(file:///D:/javasel/javasel/src/test/resources/features/login.feature:4)
]]>
    </failure>
  </testcase> <!-- runScenario -->
</testsuite> <!-- Default test -->
