<?xml version="1.0" encoding="UTF-8"?>
<testng-results ignored="0" total="6" passed="6" failed="0" skipped="0">
  <reporter-output>
  </reporter-output>
  <suite started-at="2026-02-11T11:19:41 IST" name="Surefire suite" finished-at="2026-02-11T11:21:42 IST" duration-ms="121450">
    <groups>
      <group name="cucumber">
        <method signature="AbstractTestNGCucumberTests.runScenario(io.cucumber.testng.PickleWrapper,io.cucumber.testng.FeatureWrapper)[pri:0, instance:runners.TestRunner@7334aada]" name="runScenario" class="io.cucumber.testng.AbstractTestNGCucumberTests"/>
      </group> <!-- cucumber -->
    </groups>
    <test started-at="2026-02-11T11:19:41 IST" name="Surefire test" finished-at="2026-02-11T11:21:42 IST" duration-ms="121450">
      <class name="runners.TestRunner">
        <test-method is-config="true" signature="setUpClass(org.testng.ITestContext)[pri:0, instance:runners.TestRunner@7334aada]" started-at="2026-02-11T11:19:41 IST" name="setUpClass" finished-at="2026-02-11T11:19:42 IST" duration-ms="1177" status="PASS">
          <params>
            <param index="0">
              <value>
                <![CDATA[org.testng.TestRunner@12e5d3e1]]>
              </value>
            </param>
          </params>
          <reporter-output>
          </reporter-output>
        </test-method> <!-- setUpClass -->
        <test-method signature="runScenario(io.cucumber.testng.PickleWrapper,io.cucumber.testng.FeatureWrapper)[pri:0, instance:runners.TestRunner@7334aada]" started-at="2026-02-11T11:19:42 IST" name="runScenario" description="Runs Cucumber Scenarios" data-provider="scenarios" finished-at="2026-02-11T11:20:23 IST" duration-ms="41021" status="PASS">
          <params>
            <param index="0">
              <value>
                <![CDATA["Verify search by different book attributes"]]>
              </value>
            </param>
            <param index="1">
              <value>
                <![CDATA["Book Store Application"]]>
              </value>
            </param>
          </params>
          <reporter-output>
          </reporter-output>
        </test-method> <!-- runScenario -->
        <test-method signature="runScenario(io.cucumber.testng.PickleWrapper,io.cucumber.testng.FeatureWrapper)[pri:0, instance:runners.TestRunner@7334aada]" started-at="2026-02-11T11:20:23 IST" name="runScenario" description="Runs Cucumber Scenarios" data-provider="scenarios" finished-at="2026-02-11T11:20:56 IST" duration-ms="33410" status="PASS">
          <params>
            <param index="0">
              <value>
                <![CDATA["Verify search by different book attributes"]]>
              </value>
            </param>
            <param index="1">
              <value>
                <![CDATA["Book Store Application"]]>
              </value>
            </param>
          </params>
          <reporter-output>
          </reporter-output>
        </test-method> <!-- runScenario -->
        <test-method signature="runScenario(io.cucumber.testng.PickleWrapper,io.cucumber.testng.FeatureWrapper)[pri:0, instance:runners.TestRunner@7334aada]" started-at="2026-02-11T11:20:56 IST" name="runScenario" description="Runs Cucumber Scenarios" data-provider="scenarios" finished-at="2026-02-11T11:21:12 IST" duration-ms="15898" status="PASS">
          <params>
            <param index="0">
              <value>
                <![CDATA["Verify search by different book attributes"]]>
              </value>
            </param>
            <param index="1">
              <value>
                <![CDATA["Book Store Application"]]>
              </value>
            </param>
          </params>
          <reporter-output>
          </reporter-output>
        </test-method> <!-- runScenario -->
        <test-method signature="runScenario(io.cucumber.testng.PickleWrapper,io.cucumber.testng.FeatureWrapper)[pri:0, instance:runners.TestRunner@7334aada]" started-at="2026-02-11T11:21:12 IST" name="runScenario" description="Runs Cucumber Scenarios" data-provider="scenarios" finished-at="2026-02-11T11:21:26 IST" duration-ms="14115" status="PASS">
          <params>
            <param index="0">
              <value>
                <![CDATA["Verify search by different book attributes"]]>
              </value>
            </param>
            <param index="1">
              <value>
                <![CDATA["Book Store Application"]]>
              </value>
            </param>
          </params>
          <reporter-output>
          </reporter-output>
        </test-method> <!-- runScenario -->
        <test-method signature="runScenario(io.cucumber.testng.PickleWrapper,io.cucumber.testng.FeatureWrapper)[pri:0, instance:runners.TestRunner@7334aada]" started-at="2026-02-11T11:21:26 IST" name="runScenario" description="Runs Cucumber Scenarios" data-provider="scenarios" finished-at="2026-02-11T11:21:40 IST" duration-ms="14143" status="PASS">
          <params>
            <param index="0">
              <value>
                <![CDATA["Verify search by different book attributes"]]>
              </value>
            </param>
            <param index="1">
              <value>
                <![CDATA["Book Store Application"]]>
              </value>
            </param>
          </params>
          <reporter-output>
          </reporter-output>
        </test-method> <!-- runScenario -->
        <test-method is-config="true" signature="tearDownClass()[pri:0, instance:runners.TestRunner@7334aada]" started-at="2026-02-11T11:21:40 IST" name="tearDownClass" finished-at="2026-02-11T11:21:41 IST" duration-ms="37" status="PASS">
          <reporter-output>
          </reporter-output>
        </test-method> <!-- tearDownClass -->
      </class> <!-- runners.TestRunner -->
      <class name="tests.ExcelTest">
        <test-method signature="readExcelData()[pri:0, instance:tests.ExcelTest@32eff876]" started-at="2026-02-11T11:21:41 IST" name="readExcelData" finished-at="2026-02-11T11:21:42 IST" duration-ms="1552" status="PASS">
          <reporter-output>
          </reporter-output>
        </test-method> <!-- readExcelData -->
      </class> <!-- tests.ExcelTest -->
    </test> <!-- Surefire test -->
  </suite> <!-- Surefire suite -->
</testng-results>
