<?xml version="1.0" encoding="UTF-8"?>
<testsuite xmlns:xsi="http://www.w3.org/2001/XMLSchema-instance" xsi:noNamespaceSchemaLocation="https://maven.apache.org/surefire/maven-surefire-plugin/xsd/surefire-test-report-3.0.xsd" version="3.0" name="TestSuite" time="122.552" tests="6" errors="0" skipped="0" failures="0">
  <properties>
[...]
</properties>
  <testcase name="runScenario[&quot;Verify search by different book attributes&quot;, &quot;Book Store Application&quot;](1)" classname="runners.TestRunner" time="41.023">
    <system-out><![CDATA[
&amp#27;[1mScenario Outline:&amp#27;[22m Verify search by different book attributes                             &amp#27;[90m# src/test/resources/features/bookStore.feature:15&amp#27;[39m
  &amp#27;[32m✔&amp#27;[39m &amp#27;[32m&amp#27;[1mGiven &amp#27;[22muser launches the application&amp#27;[39m                                                  &amp#27;[90m# stepDefinitions.LoginSteps.userLaunchesTheApplication()&amp#27;[39m
Clicked on Login Button
  &amp#27;[32m✔&amp#27;[39m &amp#27;[32m&amp#27;[1mWhen &amp#27;[22muser navigates to Book Store Application&amp#27;[39m                                        &amp#27;[90m# stepDefinitions.LoginSteps.userNavigatesToBookStoreApplication()&amp#27;[39m
  &amp#27;[32m✔&amp#27;[39m &amp#27;[32m&amp#27;[1mAnd &amp#27;[22muser logs in with valid credentials&amp#27;[39m                                              &amp#27;[90m# stepDefinitions.LoginSteps.userLogsInWithValidCredentials()&amp#27;[39m
  &amp#27;[32m✔&amp#27;[39m &amp#27;[32m&amp#27;[1mThen &amp#27;[22muser should be redirected to books page&amp#27;[39m                                         &amp#27;[90m# stepDefinitions.LoginSteps.userShouldBeRedirectedToBooksPage()&amp#27;[39m
Searching by Title : Git Pocket Guide
  &amp#27;[32m✔&amp#27;[39m &amp#27;[32m&amp#27;[1mWhen &amp#27;[22muser searches book by &amp#27;[1m"Title"&amp#27;[22m with value &amp#27;[1m"Git Pocket Guide"&amp#27;[22m&amp#27;[39m                     &amp#27;[90m# stepDefinitions.BookStoreStep.userSearchesBook(java.lang.String,java.lang.String)&amp#27;[39m
Expected (contains): Git Pocket Guide
Actual              : Git Pocket Guide
  &amp#27;[32m✔&amp#27;[39m &amp#27;[32m&amp#27;[1mThen &amp#27;[22muser should see correct search result for &amp#27;[1m"Title"&amp#27;[22m with value &amp#27;[1m"Git Pocket Guide"&amp#27;[22m&amp#27;[39m &amp#27;[90m# stepDefinitions.BookStoreStep.userShouldSeeCorrectSearchResult(java.lang.String,java.lang.String)&amp#27;[39m
]]></system-out>
    <system-err><![CDATA[SLF4J(W): No SLF4J providers were found.
SLF4J(W): Defaulting to no-operation (NOP) logger implementation
SLF4J(W): See https://www.slf4j.org/codes.html#noProviders for further details.
Feb 11, 2026 11:20:04 AM org.openqa.selenium.devtools.CdpVersionFinder findNearestMatch
WARNING: Unable to find an exact match for CDP version 144, returning the closest version; found: 142; Please update to a Selenium version that supports CDP version 144
]]></system-err>
  </testcase>
  <testcase name="runScenario[&quot;Verify search by different book attributes&quot;, &quot;Book Store Application&quot;](2)" classname="runners.TestRunner" time="33.408">
    <system-out><![CDATA[
&amp#27;[1mScenario Outline:&amp#27;[22m Verify search by different book attributes                                  &amp#27;[90m# src/test/resources/features/bookStore.feature:16&amp#27;[39m
  &amp#27;[32m✔&amp#27;[39m &amp#27;[32m&amp#27;[1mGiven &amp#27;[22muser launches the application&amp#27;[39m                                                       &amp#27;[90m# stepDefinitions.LoginSteps.userLaunchesTheApplication()&amp#27;[39m
Clicked on Login Button
  &amp#27;[32m✔&amp#27;[39m &amp#27;[32m&amp#27;[1mWhen &amp#27;[22muser navigates to Book Store Application&amp#27;[39m                                             &amp#27;[90m# stepDefinitions.LoginSteps.userNavigatesToBookStoreApplication()&amp#27;[39m
  &amp#27;[32m✔&amp#27;[39m &amp#27;[32m&amp#27;[1mAnd &amp#27;[22muser logs in with valid credentials&amp#27;[39m                                                   &amp#27;[90m# stepDefinitions.LoginSteps.userLogsInWithValidCredentials()&amp#27;[39m
  &amp#27;[32m✔&amp#27;[39m &amp#27;[32m&amp#27;[1mThen &amp#27;[22muser should be redirected to books page&amp#27;[39m                                              &amp#27;[90m# stepDefinitions.LoginSteps.userShouldBeRedirectedToBooksPage()&amp#27;[39m
Searching by Author : Richard E. Silverman
  &amp#27;[32m✔&amp#27;[39m &amp#27;[32m&amp#27;[1mWhen &amp#27;[22muser searches book by &amp#27;[1m"Author"&amp#27;[22m with value &amp#27;[1m"Richard E. Silverman"&amp#27;[22m&amp#27;[39m                     &amp#27;[90m# stepDefinitions.BookStoreStep.userSearchesBook(java.lang.String,java.lang.String)&amp#27;[39m
Expected (contains): Richard E. Silverman
Actual              : Richard E. Silverman
  &amp#27;[32m✔&amp#27;[39m &amp#27;[32m&amp#27;[1mThen &amp#27;[22muser should see correct search result for &amp#27;[1m"Author"&amp#27;[22m with value &amp#27;[1m"Richard E. Silverman"&amp#27;[22m&amp#27;[39m &amp#27;[90m# stepDefinitions.BookStoreStep.userShouldSeeCorrectSearchResult(java.lang.String,java.lang.String)&amp#27;[39m
]]></system-out>
    <system-err><![CDATA[Feb 11, 2026 11:20:25 AM org.openqa.selenium.devtools.CdpVersionFinder findNearestMatch
WARNING: Unable to find an exact match for CDP version 144, returning the closest version; found: 142; Please update to a Selenium version that supports CDP version 144
]]></system-err>
  </testcase>
  <testcase name="runScenario[&quot;Verify search by different book attributes&quot;, &quot;Book Store Application&quot;](3)" classname="runners.TestRunner" time="15.897">
    <system-out><![CDATA[
&amp#27;[1mScenario Outline:&amp#27;[22m Verify search by different book attributes                               &amp#27;[90m# src/test/resources/features/bookStore.feature:17&amp#27;[39m
  &amp#27;[32m✔&amp#27;[39m &amp#27;[32m&amp#27;[1mGiven &amp#27;[22muser launches the application&amp#27;[39m                                                    &amp#27;[90m# stepDefinitions.LoginSteps.userLaunchesTheApplication()&amp#27;[39m
Clicked on Login Button
  &amp#27;[32m✔&amp#27;[39m &amp#27;[32m&amp#27;[1mWhen &amp#27;[22muser navigates to Book Store Application&amp#27;[39m                                          &amp#27;[90m# stepDefinitions.LoginSteps.userNavigatesToBookStoreApplication()&amp#27;[39m
  &amp#27;[32m✔&amp#27;[39m &amp#27;[32m&amp#27;[1mAnd &amp#27;[22muser logs in with valid credentials&amp#27;[39m                                                &amp#27;[90m# stepDefinitions.LoginSteps.userLogsInWithValidCredentials()&amp#27;[39m
  &amp#27;[32m✔&amp#27;[39m &amp#27;[32m&amp#27;[1mThen &amp#27;[22muser should be redirected to books page&amp#27;[39m                                           &amp#27;[90m# stepDefinitions.LoginSteps.userShouldBeRedirectedToBooksPage()&amp#27;[39m
Searching by Publisher : O'Reilly Media
  &amp#27;[32m✔&amp#27;[39m &amp#27;[32m&amp#27;[1mWhen &amp#27;[22muser searches book by &amp#27;[1m"Publisher"&amp#27;[22m with value &amp#27;[1m"O'Reilly Media"&amp#27;[22m&amp#27;[39m                     &amp#27;[90m# stepDefinitions.BookStoreStep.userSearchesBook(java.lang.String,java.lang.String)&amp#27;[39m
Expected (contains): O'Reilly Media
Actual              : O'Reilly Media
Expected (contains): O'Reilly Media
Actual              : O'Reilly Media
Expected (contains): O'Reilly Media
Actual              : O'Reilly Media
Expected (contains): O'Reilly Media
Actual              : O'Reilly Media
Expected (contains): O'Reilly Media
Actual              : O'Reilly Media
Expected (contains): O'Reilly Media
Actual              : O'Reilly Media
  &amp#27;[32m✔&amp#27;[39m &amp#27;[32m&amp#27;[1mThen &amp#27;[22muser should see correct search result for &amp#27;[1m"Publisher"&amp#27;[22m with value &amp#27;[1m"O'Reilly Media"&amp#27;[22m&amp#27;[39m &amp#27;[90m# stepDefinitions.BookStoreStep.userShouldSeeCorrectSearchResult(java.lang.String,java.lang.String)&amp#27;[39m
]]></system-out>
    <system-err><![CDATA[Feb 11, 2026 11:20:58 AM org.openqa.selenium.devtools.CdpVersionFinder findNearestMatch
WARNING: Unable to find an exact match for CDP version 144, returning the closest version; found: 142; Please update to a Selenium version that supports CDP version 144
]]></system-err>
  </testcase>
  <testcase name="runScenario[&quot;Verify search by different book attributes&quot;, &quot;Book Store Application&quot;](4)" classname="runners.TestRunner" time="14.116">
    <system-out><![CDATA[
&amp#27;[1mScenario Outline:&amp#27;[22m Verify search by different book attributes                            &amp#27;[90m# src/test/resources/features/bookStore.feature:18&amp#27;[39m
  &amp#27;[32m✔&amp#27;[39m &amp#27;[32m&amp#27;[1mGiven &amp#27;[22muser launches the application&amp#27;[39m                                                 &amp#27;[90m# stepDefinitions.LoginSteps.userLaunchesTheApplication()&amp#27;[39m
Clicked on Login Button
  &amp#27;[32m✔&amp#27;[39m &amp#27;[32m&amp#27;[1mWhen &amp#27;[22muser navigates to Book Store Application&amp#27;[39m                                       &amp#27;[90m# stepDefinitions.LoginSteps.userNavigatesToBookStoreApplication()&amp#27;[39m
  &amp#27;[32m✔&amp#27;[39m &amp#27;[32m&amp#27;[1mAnd &amp#27;[22muser logs in with valid credentials&amp#27;[39m                                             &amp#27;[90m# stepDefinitions.LoginSteps.userLogsInWithValidCredentials()&amp#27;[39m
  &amp#27;[32m✔&amp#27;[39m &amp#27;[32m&amp#27;[1mThen &amp#27;[22muser should be redirected to books page&amp#27;[39m                                        &amp#27;[90m# stepDefinitions.LoginSteps.userShouldBeRedirectedToBooksPage()&amp#27;[39m
Searching by Title : InvalidBookName
  &amp#27;[32m✔&amp#27;[39m &amp#27;[32m&amp#27;[1mWhen &amp#27;[22muser searches book by &amp#27;[1m"Title"&amp#27;[22m with value &amp#27;[1m"InvalidBookName"&amp#27;[22m&amp#27;[39m                     &amp#27;[90m# stepDefinitions.BookStoreStep.userSearchesBook(java.lang.String,java.lang.String)&amp#27;[39m
  &amp#27;[32m✔&amp#27;[39m &amp#27;[32m&amp#27;[1mThen &amp#27;[22muser should see correct search result for &amp#27;[1m"Title"&amp#27;[22m with value &amp#27;[1m"InvalidBookName"&amp#27;[22m&amp#27;[39m &amp#27;[90m# stepDefinitions.BookStoreStep.userShouldSeeCorrectSearchResult(java.lang.String,java.lang.String)&amp#27;[39m
]]></system-out>
    <system-err><![CDATA[Feb 11, 2026 11:21:15 AM org.openqa.selenium.devtools.CdpVersionFinder findNearestMatch
WARNING: Unable to find an exact match for CDP version 144, returning the closest version; found: 142; Please update to a Selenium version that supports CDP version 144
]]></system-err>
  </testcase>
  <testcase name="runScenario[&quot;Verify search by different book attributes&quot;, &quot;Book Store Application&quot;](5)" classname="runners.TestRunner" time="14.143">
    <system-out><![CDATA[
&amp#27;[1mScenario Outline:&amp#27;[22m Verify search by different book attributes                                &amp#27;[90m# src/test/resources/features/bookStore.feature:19&amp#27;[39m
  &amp#27;[32m✔&amp#27;[39m &amp#27;[32m&amp#27;[1mGiven &amp#27;[22muser launches the application&amp#27;[39m                                                     &amp#27;[90m# stepDefinitions.LoginSteps.userLaunchesTheApplication()&amp#27;[39m
Clicked on Login Button
  &amp#27;[32m✔&amp#27;[39m &amp#27;[32m&amp#27;[1mWhen &amp#27;[22muser navigates to Book Store Application&amp#27;[39m                                           &amp#27;[90m# stepDefinitions.LoginSteps.userNavigatesToBookStoreApplication()&amp#27;[39m
  &amp#27;[32m✔&amp#27;[39m &amp#27;[32m&amp#27;[1mAnd &amp#27;[22muser logs in with valid credentials&amp#27;[39m                                                 &amp#27;[90m# stepDefinitions.LoginSteps.userLogsInWithValidCredentials()&amp#27;[39m
  &amp#27;[32m✔&amp#27;[39m &amp#27;[32m&amp#27;[1mThen &amp#27;[22muser should be redirected to books page&amp#27;[39m                                            &amp#27;[90m# stepDefinitions.LoginSteps.userShouldBeRedirectedToBooksPage()&amp#27;[39m
Searching by Title : Speaking JavaScript
  &amp#27;[32m✔&amp#27;[39m &amp#27;[32m&amp#27;[1mWhen &amp#27;[22muser searches book by &amp#27;[1m"Title"&amp#27;[22m with value &amp#27;[1m"Speaking JavaScript"&amp#27;[22m&amp#27;[39m                     &amp#27;[90m# stepDefinitions.BookStoreStep.userSearchesBook(java.lang.String,java.lang.String)&amp#27;[39m
Expected (contains): Speaking JavaScript
Actual              : Speaking JavaScript
  &amp#27;[32m✔&amp#27;[39m &amp#27;[32m&amp#27;[1mThen &amp#27;[22muser should see correct search result for &amp#27;[1m"Title"&amp#27;[22m with value &amp#27;[1m"Speaking JavaScript"&amp#27;[22m&amp#27;[39m &amp#27;[90m# stepDefinitions.BookStoreStep.userShouldSeeCorrectSearchResult(java.lang.String,java.lang.String)&amp#27;[39m
]]></system-out>
    <system-err><![CDATA[Feb 11, 2026 11:21:28 AM org.openqa.selenium.devtools.CdpVersionFinder findNearestMatch
WARNING: Unable to find an exact match for CDP version 144, returning the closest version; found: 142; Please update to a Selenium version that supports CDP version 144
]]></system-err>
  </testcase>
  <testcase name="readExcelData" classname="tests.ExcelTest" time="1.581">
    <system-out><![CDATA[2026-02-11T05:51:41.554748Z main ERROR Log4j API could not find a logging provider.
Serial Number	First Name	Last Name	Gender	Country	Age	Date	Id	
1	Dulce	Abril	Female	United States	32	15/10/2017	1562	
2	Mara	Hashimoto	Female	Great Britain	25	16/08/2016	1582	
3	Philip	Gent	Male	France	36	21/05/2015	2587	
4	Kathleen	Hanner	Female	United States	25	15/10/2017	3549	
5	Nereida	Magwood	Female	United States	58	16/08/2016	2468	
6	Gaston	Brumm	Male	United States	24	21/05/2015	2554	
7	Etta	Hurn	Female	Great Britain	56	15/10/2017	3598	
8	Earlean	Melgar	Female	United States	27	16/08/2016	2456	
9	Vincenza	Weiland	Female	United States	40	21/05/2015	6548	
10	Fallon	Winward	Female	Great Britain	28	16/08/2016	5486	
11	Arcelia	Bouska	Female	Great Britain	39	21/05/2015	1258	
12	Franklyn	Unknow	Male	France	38	15/10/2017	2579	
13	Sherron	Ascencio	Female	Great Britain	32	16/08/2016	3256	
14	Marcel	Zabriskie	Male	Great Britain	26	21/05/2015	2587	
15	Kina	Hazelton	Female	Great Britain	31	16/08/2016	3259	
16	Shavonne	Pia	Female	France	24	21/05/2015	1546	
17	Shavon	Benito	Female	France	39	15/10/2017	3579	
18	Lauralee	Perrine	Female	Great Britain	28	16/08/2016	6597	
19	Loreta	Curren	Female	France	26	21/05/2015	9654	
20	Teresa	Strawn	Female	France	46	21/05/2015	3569	
21	Belinda	Partain	Female	United States	37	15/10/2017	2564	
22	Holly	Eudy	Female	United States	52	16/08/2016	8561	
23	Many	Cuccia	Female	Great Britain	46	21/05/2015	5489	
24	Libbie	Dalby	Female	France	42	21/05/2015	5489	
25	Lester	Prothro	Male	France	21	15/10/2017	6574	
26	Marvel	Hail	Female	Great Britain	28	16/08/2016	5555	
27	Angelyn	Vong	Female	United States	29	21/05/2015	6125	
28	Francesca	Beaudreau	Female	France	23	15/10/2017	5412	
29	Garth	Gangi	Male	United States	41	16/08/2016	3256	
30	Carla	Trumbull	Female	Great Britain	28	21/05/2015	3264	
31	Veta	Muntz	Female	Great Britain	37	15/10/2017	4569	
32	Stasia	Becker	Female	Great Britain	34	16/08/2016	7521	
33	Jona	Grindle	Female	Great Britain	26	21/05/2015	6458	
34	Judie	Claywell	Female	France	35	16/08/2016	7569	
35	Dewitt	Borger	Male	United States	36	21/05/2015	8514	
36	Nena	Hacker	Female	United States	29	15/10/2017	8563	
37	Kelsie	Wachtel	Female	France	27	16/08/2016	8642	
38	Sau	Pfau	Female	United States	25	21/05/2015	9536	
39	Shanice	Mccrystal	Female	United States	36	21/05/2015	2567	
40	Chase	Karner	Male	United States	37	15/10/2017	2154	
41	Tommie	Underdahl	Male	United States	26	16/08/2016	3265	
42	Dorcas	Darity	Female	United States	37	21/05/2015	8765	
43	Angel	Sanor	Male	France	24	15/10/2017	3259	
44	Willodean	Harn	Female	United States	39	16/08/2016	3567	
45	Weston	Martina	Male	United States	26	21/05/2015	6540	
46	Roma	Lafollette	Female	United States	34	15/10/2017	2654	
47	Felisa	Cail	Female	United States	28	16/08/2016	6525	
48	Demetria	Abbey	Female	United States	32	21/05/2015	3265	
49	Jeromy	Danz	Male	United States	39	15/10/2017	3265	
50	Rasheeda	Alkire	Female	United States	29	16/08/2016	6125	
51	Dulce	Abril	Female	United States	32	15/10/2017	1562	
52	Mara	Hashimoto	Female	Great Britain	25	16/08/2016	1582	
53	Philip	Gent	Male	France	36	21/05/2015	2587	
54	Kathleen	Hanner	Female	United States	25	15/10/2017	3549	
55	Nereida	Magwood	Female	United States	58	16/08/2016	2468	
56	Gaston	Brumm	Male	United States	24	21/05/2015	2554	
57	Etta	Hurn	Female	Great Britain	56	15/10/2017	3598	
58	Earlean	Melgar	Female	United States	27	16/08/2016	2456	
59	Vincenza	Weiland	Female	United States	40	21/05/2015	6548	
60	Fallon	Winward	Female	Great Britain	28	16/08/2016	5486	
61	Arcelia	Bouska	Female	Great Britain	39	21/05/2015	1258	
62	Franklyn	Unknow	Male	France	38	15/10/2017	2579	
63	Sherron	Ascencio	Female	Great Britain	32	16/08/2016	3256	
64	Marcel	Zabriskie	Male	Great Britain	26	21/05/2015	2587	
65	Kina	Hazelton	Female	Great Britain	31	16/08/2016	3259	
66	Shavonne	Pia	Female	France	24	21/05/2015	1546	
67	Shavon	Benito	Female	France	39	15/10/2017	3579	
68	Lauralee	Perrine	Female	Great Britain	28	16/08/2016	6597	
69	Loreta	Curren	Female	France	26	21/05/2015	9654	
70	Teresa	Strawn	Female	France	46	21/05/2015	3569	
71	Belinda	Partain	Female	United States	37	15/10/2017	2564	
72	Holly	Eudy	Female	United States	52	16/08/2016	8561	
73	Many	Cuccia	Female	Great Britain	46	21/05/2015	5489	
74	Libbie	Dalby	Female	France	42	21/05/2015	5489	
75	Lester	Prothro	Male	France	21	15/10/2017	6574	
76	Marvel	Hail	Female	Great Britain	28	16/08/2016	5555	
77	Angelyn	Vong	Female	United States	29	21/05/2015	6125	
78	Francesca	Beaudreau	Female	France	23	15/10/2017	5412	
79	Garth	Gangi	Male	United States	41	16/08/2016	3256	
80	Carla	Trumbull	Female	Great Britain	28	21/05/2015	3264	
81	Veta	Muntz	Female	Great Britain	37	15/10/2017	4569	
82	Stasia	Becker	Female	Great Britain	34	16/08/2016	7521	
83	Jona	Grindle	Female	Great Britain	26	21/05/2015	6458	
84	Judie	Claywell	Female	France	35	16/08/2016	7569	
85	Dewitt	Borger	Male	United States	36	21/05/2015	8514	
86	Nena	Hacker	Female	United States	29	15/10/2017	8563	
87	Kelsie	Wachtel	Female	France	27	16/08/2016	8642	
88	Sau	Pfau	Female	United States	25	21/05/2015	9536	
89	Shanice	Mccrystal	Female	United States	36	21/05/2015	2567	
90	Chase	Karner	Male	United States	37	15/10/2017	2154	
91	Tommie	Underdahl	Male	United States	26	16/08/2016	3265	
92	Dorcas	Darity	Female	United States	37	21/05/2015	8765	
93	Angel	Sanor	Male	France	24	15/10/2017	3259	
94	Willodean	Harn	Female	United States	39	16/08/2016	3567	
95	Weston	Martina	Male	United States	26	21/05/2015	6540	
96	Roma	Lafollette	Female	United States	34	15/10/2017	2654	
97	Felisa	Cail	Female	United States	28	16/08/2016	6525	
98	Demetria	Abbey	Female	United States	32	21/05/2015	3265	
99	Jeromy	Danz	Male	United States	39	15/10/2017	3265	
100	Rasheeda	Alkire	Female	United States	29	16/08/2016	6125	
]]></system-out>
  </testcase>
</testsuite>