<?xml version="1.0" encoding="UTF-8"?>
<testng-results ignored="0" total="5" passed="5" failed="0" skipped="0">
  <reporter-output>
  </reporter-output>
  <suite started-at="2026-02-02T04:29:42 GMT" name="Default suite" finished-at="2026-02-02T04:31:48 GMT" duration-ms="125747">
    <groups>
      <group name="cucumber">
        <method signature="AbstractTestNGCucumberTests.runScenario(io.cucumber.testng.PickleWrapper,io.cucumber.testng.FeatureWrapper)[pri:0, instance:runners.TestRunner@1e66f1f5]" name="runScenario" class="io.cucumber.testng.AbstractTestNGCucumberTests"/>
      </group> <!-- cucumber -->
    </groups>
    <test started-at="2026-02-02T04:29:42 GMT" name="Default test" finished-at="2026-02-02T04:31:48 GMT" duration-ms="125747">
      <class name="runners.TestRunner">
        <test-method is-config="true" signature="setUpClass(org.testng.ITestContext)[pri:0, instance:runners.TestRunner@1e66f1f5]" started-at="2026-02-02T04:29:42 GMT" name="setUpClass" finished-at="2026-02-02T04:29:44 GMT" duration-ms="1145" status="PASS">
          <params>
            <param index="0">
              <value>
                <![CDATA[org.testng.TestRunner@26837057]]>
              </value>
            </param>
          </params>
          <reporter-output>
          </reporter-output>
        </test-method> <!-- setUpClass -->
        <test-method signature="runScenario(io.cucumber.testng.PickleWrapper,io.cucumber.testng.FeatureWrapper)[pri:0, instance:runners.TestRunner@1e66f1f5]" started-at="2026-02-02T04:29:44 GMT" name="runScenario" description="Runs Cucumber Scenarios" data-provider="scenarios" finished-at="2026-02-02T04:30:22 GMT" duration-ms="37905" status="PASS">
          <params>
            <param index="0">
              <value>
                <![CDATA["Verify search by different book attributes"]]>
              </value>
            </param>
            <param index="1">
              <value>
                <![CDATA["Book Store Application"]]>
              </value>
            </param>
          </params>
          <reporter-output>
          </reporter-output>
        </test-method> <!-- runScenario -->
        <test-method signature="runScenario(io.cucumber.testng.PickleWrapper,io.cucumber.testng.FeatureWrapper)[pri:0, instance:runners.TestRunner@1e66f1f5]" started-at="2026-02-02T04:30:22 GMT" name="runScenario" description="Runs Cucumber Scenarios" data-provider="scenarios" finished-at="2026-02-02T04:30:40 GMT" duration-ms="18244" status="PASS">
          <params>
            <param index="0">
              <value>
                <![CDATA["Verify search by different book attributes"]]>
              </value>
            </param>
            <param index="1">
              <value>
                <![CDATA["Book Store Application"]]>
              </value>
            </param>
          </params>
          <reporter-output>
          </reporter-output>
        </test-method> <!-- runScenario -->
        <test-method signature="runScenario(io.cucumber.testng.PickleWrapper,io.cucumber.testng.FeatureWrapper)[pri:0, instance:runners.TestRunner@1e66f1f5]" started-at="2026-02-02T04:30:40 GMT" name="runScenario" description="Runs Cucumber Scenarios" data-provider="scenarios" finished-at="2026-02-02T04:31:00 GMT" duration-ms="19899" status="PASS">
          <params>
            <param index="0">
              <value>
                <![CDATA["Verify search by different book attributes"]]>
              </value>
            </param>
            <param index="1">
              <value>
                <![CDATA["Book Store Application"]]>
              </value>
            </param>
          </params>
          <reporter-output>
          </reporter-output>
        </test-method> <!-- runScenario -->
        <test-method signature="runScenario(io.cucumber.testng.PickleWrapper,io.cucumber.testng.FeatureWrapper)[pri:0, instance:runners.TestRunner@1e66f1f5]" started-at="2026-02-02T04:31:00 GMT" name="runScenario" description="Runs Cucumber Scenarios" data-provider="scenarios" finished-at="2026-02-02T04:31:31 GMT" duration-ms="30690" status="PASS">
          <params>
            <param index="0">
              <value>
                <![CDATA["Verify search by different book attributes"]]>
              </value>
            </param>
            <param index="1">
              <value>
                <![CDATA["Book Store Application"]]>
              </value>
            </param>
          </params>
          <reporter-output>
          </reporter-output>
        </test-method> <!-- runScenario -->
        <test-method signature="runScenario(io.cucumber.testng.PickleWrapper,io.cucumber.testng.FeatureWrapper)[pri:0, instance:runners.TestRunner@1e66f1f5]" started-at="2026-02-02T04:31:31 GMT" name="runScenario" description="Runs Cucumber Scenarios" data-provider="scenarios" finished-at="2026-02-02T04:31:48 GMT" duration-ms="17451" status="PASS">
          <params>
            <param index="0">
              <value>
                <![CDATA["Verify search by different book attributes"]]>
              </value>
            </param>
            <param index="1">
              <value>
                <![CDATA["Book Store Application"]]>
              </value>
            </param>
          </params>
          <reporter-output>
          </reporter-output>
        </test-method> <!-- runScenario -->
        <test-method is-config="true" signature="tearDownClass()[pri:0, instance:runners.TestRunner@1e66f1f5]" started-at="2026-02-02T04:31:48 GMT" name="tearDownClass" finished-at="2026-02-02T04:31:48 GMT" duration-ms="116" status="PASS">
          <reporter-output>
          </reporter-output>
        </test-method> <!-- tearDownClass -->
      </class> <!-- runners.TestRunner -->
    </test> <!-- Default test -->
  </suite> <!-- Default suite -->
</testng-results>
