<?xml version="1.0" encoding="UTF-8"?>
<!-- Generated by org.testng.reporters.JUnitReportReporter -->
<testsuite hostname="DESKTOP-QD9FKS8" failures="0" tests="1" name="runners.TestRunner" time="0.207" errors="1" timestamp="2026-01-08T12:19:58 GMT" skipped="0">
  <testcase classname="runners.TestRunner" name="runScenario" time="0.207">
    <error message="The step &#039;user launches the application&#039; and 3 other step(s) are undefined.
You can implement these steps using the snippet(s) below:

@Given(&quot;user launches the application&quot;)
public void user_launches_the_application() {
    // Write code here that turns the phrase above into concrete actions
    throw new io.cucumber.java.PendingException();
}
@When(&quot;user navigates to Book Store Application&quot;)
public void user_navigates_to_book_store_application() {
    // Write code here that turns the phrase above into concrete actions
    throw new io.cucumber.java.PendingException();
}
@When(&quot;user logs in with valid credentials&quot;)
public void user_logs_in_with_valid_credentials() {
    // Write code here that turns the phrase above into concrete actions
    throw new io.cucumber.java.PendingException();
}
@Then(&quot;user should be redirected to books page&quot;)
public void user_should_be_redirected_to_books_page() {
    // Write code here that turns the phrase above into concrete actions
    throw new io.cucumber.java.PendingException();
}
" type="io.cucumber.testng.UndefinedStepException">
      <![CDATA[io.cucumber.testng.UndefinedStepException: The step 'user launches the application' and 3 other step(s) are undefined.
You can implement these steps using the snippet(s) below:

@Given("user launches the application")
public void user_launches_the_application() {
    // Write code here that turns the phrase above into concrete actions
    throw new io.cucumber.java.PendingException();
}
@When("user navigates to Book Store Application")
public void user_navigates_to_book_store_application() {
    // Write code here that turns the phrase above into concrete actions
    throw new io.cucumber.java.PendingException();
}
@When("user logs in with valid credentials")
public void user_logs_in_with_valid_credentials() {
    // Write code here that turns the phrase above into concrete actions
    throw new io.cucumber.java.PendingException();
}
@Then("user should be redirected to books page")
public void user_should_be_redirected_to_books_page() {
    // Write code here that turns the phrase above into concrete actions
    throw new io.cucumber.java.PendingException();
}

at ✽.user launches the application(file:///D:/javasel/javasel/src/test/resources/features/login.feature:4)
]]>
    </error>
  </testcase> <!-- runScenario -->
</testsuite> <!-- runners.TestRunner -->
