<?xml version="1.0" encoding="UTF-8"?>
<!-- Generated by org.testng.reporters.JUnitReportReporter -->
<testsuite hostname="DESKTOP-QD9FKS8" failures="0" tests="5" name="runners.TestRunner" time="106.253" errors="0" timestamp="2026-02-11T10:56:21 IST" skipped="0">
  <testcase classname="runners.TestRunner" name="runScenario" time="16.534"/>
  <testcase classname="runners.TestRunner" name="runScenario" time="18.830"/>
  <testcase classname="runners.TestRunner" name="runScenario" time="16.642"/>
  <testcase classname="runners.TestRunner" name="runScenario" time="30.819"/>
  <testcase classname="runners.TestRunner" name="runScenario" time="23.428"/>
</testsuite> <!-- runners.TestRunner -->
