<?xml version="1.0" encoding="UTF-8"?>
<!-- Generated by org.testng.reporters.JUnitReportReporter -->
<testsuite hostname="DESKTOP-QD9FKS8" failures="0" tests="5" name="runners.TestRunner" time="118.587" errors="0" timestamp="2026-02-11T11:21:42 IST" skipped="0">
  <testcase classname="runners.TestRunner" name="runScenario" time="41.021"/>
  <testcase classname="runners.TestRunner" name="runScenario" time="14.143"/>
  <testcase classname="runners.TestRunner" name="runScenario" time="33.410"/>
  <testcase classname="runners.TestRunner" name="runScenario" time="14.115"/>
  <testcase classname="runners.TestRunner" name="runScenario" time="15.898"/>
</testsuite> <!-- runners.TestRunner -->
